#-----------------------------------------------------------
# Vivado v2017.2 (64-bit)
# SW Build 1909853 on Thu Jun 15 18:39:09 MDT 2017
# IP Build 1909766 on Thu Jun 15 19:58:00 MDT 2017
# Start of session at: Wed Jan 10 14:44:09 2018
# Process ID: 7336
# Current directory: C:/SharedProjects/Sadias_Directory/project_exercise_blaze
# Command line: vivado.exe -gui_launcher_event rodinguilauncherevent7772 C:\SharedProjects\Sadias_Directory\project_exercise_blaze\project_exercise_blaze.xpr
# Log file: C:/SharedProjects/Sadias_Directory/project_exercise_blaze/vivado.log
# Journal file: C:/SharedProjects/Sadias_Directory/project_exercise_blaze\vivado.jou
#-----------------------------------------------------------
start_gui
open_project C:/SharedProjects/Sadias_Directory/project_exercise_blaze/project_exercise_blaze.xpr
Scanning sources...
Finished scanning sources
INFO: [IP_Flow 19-234] Refreshing IP repositories
INFO: [IP_Flow 19-1704] No user IP repositories specified
INFO: [IP_Flow 19-2313] Loaded Vivado IP repository 'C:/Xilinx/Vivado/2017.2/data/ip'.
open_project: Time (s): cpu = 00:00:14 ; elapsed = 00:00:06 . Memory (MB): peak = 753.438 ; gain = 40.672
update_compile_order -fileset sources_1
create_bd_design "design_2"
Wrote  : <C:/SharedProjects/Sadias_Directory/project_exercise_blaze/project_exercise_blaze.srcs/sources_1/bd/design_2/design_2.bd> 
create_bd_design: Time (s): cpu = 00:00:09 ; elapsed = 00:00:06 . Memory (MB): peak = 824.727 ; gain = 53.246
update_compile_order -fileset sources_1
open_bd_design {C:/SharedProjects/Sadias_Directory/project_exercise_blaze/project_exercise_blaze.srcs/sources_1/bd/design_1/design_1.bd}
Adding cell -- xilinx.com:ip:clk_wiz:5.4 - clk_wiz_0
Adding cell -- ku.edu:module_ref:led_ctl:1.0 - led_ctl_0
WARNING: [BD 41-1731] Type mismatch between connected pins: /hier_0/reset(rst) and /hier_0/led_ctl_0/rst_clk_rx(undef)
WARNING: [BD 41-1731] Type mismatch between connected pins: /hier_0/clk_wiz_0/clk_slow(clk) and /hier_0/led_ctl_0/clk_rx(undef)
Successfully read diagram <design_1> from BD file <C:/SharedProjects/Sadias_Directory/project_exercise_blaze/project_exercise_blaze.srcs/sources_1/bd/design_1/design_1.bd>
