#-----------------------------------------------------------
# Webtalk v2017.2 (64-bit)
# SW Build 1909853 on Thu Jun 15 18:39:09 MDT 2017
# 
# Start of session at: Thu Jan 11 15:29:44 2018
# Process ID: 6960
# Current directory: C:/SharedProjects/Sadias_Directory/project_exercise_blaze/project_exercise_blaze.sdk/webtalk
# Command line: wbtcv.exe -mode batch -source sdk_webtalk.tcl
# Log file: C:/SharedProjects/Sadias_Directory/project_exercise_blaze/project_exercise_blaze.sdk/webtalk/webtalk.log
# Journal file: C:/SharedProjects/Sadias_Directory/project_exercise_blaze/project_exercise_blaze.sdk/webtalk\webtalk.jou
#-----------------------------------------------------------
source sdk_webtalk.tcl
# webtalk_init -webtalk_dir C:\\SharedProjects\\Sadias_Directory\\project_exercise_blaze\\project_exercise_blaze.sdk\\webtalk
# webtalk_register_client -client project
# webtalk_add_data -client project -key date_generated -value "2018-01-11 15:29:42" -context "software_version_and_target_device"
# webtalk_add_data -client project -key product_version -value "SDK v2017.2" -context "software_version_and_target_device"
# webtalk_add_data -client project -key build_version -value "2017.2" -context "software_version_and_target_device"
# webtalk_add_data -client project -key os_platform -value "amd64" -context "software_version_and_target_device"
# webtalk_add_data -client project -key registration_id -value "174129051_174129052_210622774_362" -context "software_version_and_target_device"
# webtalk_add_data -client project -key tool_flow -value "SDK" -context "software_version_and_target_device"
# webtalk_add_data -client project -key beta -value "false" -context "software_version_and_target_device"
# webtalk_add_data -client project -key route_design -value "NA" -context "software_version_and_target_device"
# webtalk_add_data -client project -key target_family -value "NA" -context "software_version_and_target_device"
# webtalk_add_data -client project -key target_device -value "NA" -context "software_version_and_target_device"
# webtalk_add_data -client project -key target_package -value "NA" -context "software_version_and_target_device"
# webtalk_add_data -client project -key target_speed -value "NA" -context "software_version_and_target_device"
# webtalk_add_data -client project -key random_id -value "vsqhg2ghavak1ge1vp8qpijofm" -context "software_version_and_target_device"
# webtalk_add_data -client project -key project_id -value "2017.2_1" -context "software_version_and_target_device"
# webtalk_add_data -client project -key project_iteration -value "1" -context "software_version_and_target_device"
# webtalk_add_data -client project -key os_name -value "Microsoft Windows 7 , 64-bit" -context "user_environment"
# webtalk_add_data -client project -key os_release -value "Service Pack 1  (build 7601)" -context "user_environment"
# webtalk_add_data -client project -key cpu_name -value "Intel(R) Core(TM) i5-5300U CPU @ 2.30GHz" -context "user_environment"
# webtalk_add_data -client project -key cpu_speed -value "2294 MHz" -context "user_environment"
# webtalk_add_data -client project -key total_processors -value "1" -context "user_environment"
# webtalk_add_data -client project -key system_ram -value "8.000 GB" -context "user_environment"
# webtalk_register_client -client sdk
# webtalk_add_data -client sdk -key uid -value "1515705273841" -context "sdk\\\\bsp/1515705273841"
# webtalk_add_data -client sdk -key hwid -value "1515623295501" -context "sdk\\\\bsp/1515705273841"
# webtalk_add_data -client sdk -key os -value "standalone" -context "sdk\\\\bsp/1515705273841"
# webtalk_add_data -client sdk -key apptemplate -value "hello_world" -context "sdk\\\\bsp/1515705273841"
# webtalk_add_data -client sdk -key RecordType -value "BSPCreation" -context "sdk\\\\bsp/1515705273841"
# webtalk_add_data -client sdk -key uid -value "1515705275979" -context "sdk\\\\application/1515705275979"
# webtalk_add_data -client sdk -key hwid -value "1515623295501" -context "sdk\\\\application/1515705275979"
# webtalk_add_data -client sdk -key bspid -value "1515705273841" -context "sdk\\\\application/1515705275979"
# webtalk_add_data -client sdk -key newbsp -value "true" -context "sdk\\\\application/1515705275979"
# webtalk_add_data -client sdk -key os -value "standalone" -context "sdk\\\\application/1515705275979"
# webtalk_add_data -client sdk -key apptemplate -value "hello_world" -context "sdk\\\\application/1515705275979"
# webtalk_add_data -client sdk -key RecordType -value "APPCreation" -context "sdk\\\\application/1515705275979"
# webtalk_add_data -client sdk -key LangUsed -value "C" -context "sdk\\\\application/1515705275979"
# webtalk_add_data -client sdk -key Procused -value "microblaze" -context "sdk\\\\application/1515705275979"
# webtalk_add_data -client sdk -key uid -value "NA" -context "sdk\\\\bsp/1515706182006"
# webtalk_add_data -client sdk -key RecordType -value "ToolUsage" -context "sdk\\\\bsp/1515706182006"
# webtalk_add_data -client sdk -key BootgenCount -value "0" -context "sdk\\\\bsp/1515706182006"
# webtalk_add_data -client sdk -key DebugCount -value "13" -context "sdk\\\\bsp/1515706182006"
# webtalk_add_data -client sdk -key PerfCount -value "0" -context "sdk\\\\bsp/1515706182006"
# webtalk_add_data -client sdk -key FlashCount -value "0" -context "sdk\\\\bsp/1515706182006"
# webtalk_add_data -client sdk -key CrossTriggCount -value "0" -context "sdk\\\\bsp/1515706182006"
# webtalk_add_data -client sdk -key QemuDebugCount -value "0" -context "sdk\\\\bsp/1515706182006"
# webtalk_transmit -clientid 2271737920 -regid "174129051_174129052_210622774_362" -xml C:\\SharedProjects\\Sadias_Directory\\project_exercise_blaze\\project_exercise_blaze.sdk\\webtalk\\usage_statistics_ext_sdk.xml -html C:\\SharedProjects\\Sadias_Directory\\project_exercise_blaze\\project_exercise_blaze.sdk\\webtalk\\usage_statistics_ext_sdk.html -wdm C:\\SharedProjects\\Sadias_Directory\\project_exercise_blaze\\project_exercise_blaze.sdk\\webtalk\\sdk_webtalk.wdm -intro "<H3>SDK Usage Report</H3><BR>"
# webtalk_terminate
INFO: [Common 17-206] Exiting Webtalk at Thu Jan 11 15:29:45 2018...
